<?xml version="1.0" encoding="UTF-8"?>
<!-- Generated by org.testng.reporters.JUnitReportReporter -->
<testsuite hostname="DESKTOP-QOLF4M4" failures="0" tests="1" name="registerpackage.demo" time="8.385" errors="0" timestamp="2024-07-14T19:15:35 IST" skipped="0">
  <testcase classname="registerpackage.demo" name="alert" time="8.385"/>
</testsuite> <!-- registerpackage.demo -->
