<?xml version="1.0" encoding="UTF-8"?>
<!-- Generated by org.testng.reporters.JUnitReportReporter -->
<testsuite hostname="DESKTOP-QOLF4M4" failures="0" tests="1" name="registerpackage.TC_RF_001" time="1.778" errors="0" timestamp="2024-07-12T17:14:41 IST" skipped="0">
  <testcase classname="registerpackage.TC_RF_001" name="test1" time="1.778"/>
</testsuite> <!-- registerpackage.TC_RF_001 -->
