<?xml version="1.0" encoding="UTF-8"?>
<!-- Generated by org.testng.reporters.JUnitReportReporter -->
<testsuite hostname="DESKTOP-QOLF4M4" failures="0" tests="1" name="registerpackage.TC_RF" time="28.017" errors="0" timestamp="2024-07-12T23:29:36 IST" skipped="0">
  <testcase classname="registerpackage.TC_RF" name="TC_RF_001" time="28.017"/>
</testsuite> <!-- registerpackage.TC_RF -->
