<?xml version="1.0" encoding="UTF-8"?>
<!-- Generated by org.testng.reporters.JUnitReportReporter -->
<testsuite hostname="DESKTOP-QOLF4M4" failures="0" tests="3" name="excel" time="0.038" errors="0" timestamp="2024-07-17T18:23:12 IST" skipped="0">
  <testcase classname="excel" name="s" time="0.017"/>
  <testcase classname="excel" name="s" time="0.013"/>
  <testcase classname="excel" name="s" time="0.008"/>
</testsuite> <!-- excel -->
